2024-11-25 17:25:35,332 [Worker-2: Loading available Gradle versions] INFO  o.e.b.c.i.u.g.PublishedGradleVersions - Gradle version information cache is out-of-date. Trying to update.
2024-11-25 17:27:25,936 [Worker-8: 入門コンテンツのインポート] INFO  o.e.m.c.i.l.LifecycleMappingFactory - Using org.eclipse.m2e.jdt.JarLifecycleMapping lifecycle mapping for MavenProject: com.practise.moto:motocatalog:0.0.1-SNAPSHOT @ C:\hsakuchi\workspace\motocatalog\pom.xml.
2024-11-25 17:27:26,806 [Worker-8: 入門コンテンツのインポート] INFO  o.e.m.j.i.AbstractJavaProjectConfigurator - Adding source folder /motocatalog/src/main/java
2024-11-25 17:27:26,807 [Worker-8: 入門コンテンツのインポート] INFO  o.e.m.j.i.AbstractJavaProjectConfigurator - Adding resource folder /motocatalog/src/main/resources
2024-11-25 17:27:26,814 [Worker-8: 入門コンテンツのインポート] INFO  o.e.m.j.i.AbstractJavaProjectConfigurator - Adding resource folder /motocatalog/src/main/resources
2024-11-25 17:27:26,818 [Worker-8: 入門コンテンツのインポート] INFO  o.e.m.j.i.AbstractJavaProjectConfigurator - Adding source folder /motocatalog/src/test/java
2024-11-25 17:27:26,819 [Worker-8: 入門コンテンツのインポート] INFO  o.e.m.j.i.AbstractJavaProjectConfigurator - Adding resource folder /motocatalog/src/test/resources
2024-11-25 17:27:27,195 [Worker-8: 入門コンテンツのインポート] INFO  o.e.m.c.i.p.ProjectConfigurationManager - Imported and configured 1 project(s) in 2 sec
2024-11-25 17:27:27,198 [Worker-8: 入門コンテンツのインポート] INFO  o.e.m.c.i.p.ProjectConfigurationManager - Update started
2024-11-25 17:27:27,527 [Worker-8: 入門コンテンツのインポート] INFO  o.e.m.c.i.l.LifecycleMappingFactory - Using org.eclipse.m2e.jdt.JarLifecycleMapping lifecycle mapping for MavenProject: com.practise.moto:motocatalog:0.0.1-SNAPSHOT @ C:\hsakuchi\workspace\motocatalog\pom.xml.
2024-11-25 17:27:27,906 [Worker-8: 入門コンテンツのインポート] INFO  o.e.m.j.i.AbstractJavaProjectConfigurator - Adding source folder /motocatalog/src/main/java
2024-11-25 17:27:27,907 [Worker-8: 入門コンテンツのインポート] INFO  o.e.m.j.i.AbstractJavaProjectConfigurator - Adding resource folder /motocatalog/src/main/resources
2024-11-25 17:27:27,907 [Worker-8: 入門コンテンツのインポート] INFO  o.e.m.j.i.AbstractJavaProjectConfigurator - Adding resource folder /motocatalog/src/main/resources
2024-11-25 17:27:27,907 [Worker-8: 入門コンテンツのインポート] INFO  o.e.m.j.i.AbstractJavaProjectConfigurator - Adding source folder /motocatalog/src/test/java
2024-11-25 17:27:27,908 [Worker-8: 入門コンテンツのインポート] INFO  o.e.m.j.i.AbstractJavaProjectConfigurator - Adding resource folder /motocatalog/src/test/resources
2024-11-25 17:27:28,247 [Worker-8: 入門コンテンツのインポート] INFO  o.e.m.c.i.p.ProjectConfigurationManager - Update completed for 1 poms: local refresh takes 0.00 sec, refresh facades takes 0.00 sec, update config takes 0.00 sec 
2024-11-25 17:27:29,024 [Worker-0: ビルド] INFO  o.a.m.s.f.DefaultMavenResourcesFiltering - Copying 1 resource from src\main\resources to target\classes
2024-11-25 17:27:29,034 [Worker-0: ビルド] INFO  o.a.m.s.f.DefaultMavenResourcesFiltering - Copying 0 resource from src\main\resources to target\classes
2024-11-25 17:27:29,038 [Worker-0: ビルド] INFO  o.a.m.s.f.DefaultMavenResourcesFiltering - skip non existing resourceDirectory C:\hsakuchi\workspace\motocatalog\src\test\resources
2024-11-25 17:30:38,564 [Worker-2: Loading available Gradle versions] INFO  o.e.b.c.i.u.g.PublishedGradleVersions - Gradle version information cache is up-to-date. Trying to read.
2024-11-25 17:31:41,577 [Worker-9: ビルド] INFO  o.a.m.s.f.DefaultMavenResourcesFiltering - Copying 1 resource from src\main\resources to target\classes
2024-11-25 17:31:41,598 [Worker-9: ビルド] INFO  o.a.m.s.f.DefaultMavenResourcesFiltering - Copying 1 resource from src\main\resources to target\classes
2024-11-25 17:31:41,608 [Worker-9: ビルド] INFO  o.a.m.s.f.DefaultMavenResourcesFiltering - skip non existing resourceDirectory C:\hsakuchi\workspace\motocatalog\src\test\resources
2024-11-25 17:32:18,632 [Worker-12: ビルド] INFO  o.a.m.s.f.DefaultMavenResourcesFiltering - Copying 0 resource from src\main\resources to target\classes
2024-11-25 17:32:18,634 [Worker-12: ビルド] INFO  o.a.m.s.f.DefaultMavenResourcesFiltering - Copying 1 resource from src\main\resources to target\classes
2024-11-25 17:32:18,639 [Worker-12: ビルド] INFO  o.a.m.s.f.DefaultMavenResourcesFiltering - skip non existing resourceDirectory C:\hsakuchi\workspace\motocatalog\src\test\resources
2024-11-25 17:35:07,278 [Worker-2: Executing clean in C__hsakuchi_workspace_motocatalog の起動] INFO  o.eclipse.m2e.core.internal.Bundles - getClasspathEntries(Bundle=org.eclipse.m2e.maven.runtime_3.9.900.20240824-1409 [297])
2024-11-25 17:35:07,279 [Worker-2: Executing clean in C__hsakuchi_workspace_motocatalog の起動] INFO  o.eclipse.m2e.core.internal.Bundles - 	Entry: C:\pleiades\2024-09\eclipse\plugins\org.eclipse.m2e.maven.runtime_3.9.900.20240824-1409
2024-11-25 17:35:07,279 [Worker-2: Executing clean in C__hsakuchi_workspace_motocatalog の起動] INFO  o.eclipse.m2e.core.internal.Bundles - 	Entry: C:\pleiades\2024-09\eclipse\plugins\org.eclipse.m2e.maven.runtime_3.9.900.20240824-1409\jars\aopalliance-1.0.jar
2024-11-25 17:35:07,279 [Worker-2: Executing clean in C__hsakuchi_workspace_motocatalog の起動] INFO  o.eclipse.m2e.core.internal.Bundles - 	Entry: C:\pleiades\2024-09\eclipse\plugins\org.eclipse.m2e.maven.runtime_3.9.900.20240824-1409\jars\guice-5.1.0.jar
2024-11-25 17:35:07,279 [Worker-2: Executing clean in C__hsakuchi_workspace_motocatalog の起動] INFO  o.eclipse.m2e.core.internal.Bundles - 	Entry: C:\pleiades\2024-09\eclipse\plugins\org.eclipse.m2e.maven.runtime_3.9.900.20240824-1409\jars\httpclient-4.5.14.jar
2024-11-25 17:35:07,279 [Worker-2: Executing clean in C__hsakuchi_workspace_motocatalog の起動] INFO  o.eclipse.m2e.core.internal.Bundles - 	Entry: C:\pleiades\2024-09\eclipse\plugins\org.eclipse.m2e.maven.runtime_3.9.900.20240824-1409\jars\httpcore-4.4.16.jar
2024-11-25 17:35:07,279 [Worker-2: Executing clean in C__hsakuchi_workspace_motocatalog の起動] INFO  o.eclipse.m2e.core.internal.Bundles - 	Entry: C:\pleiades\2024-09\eclipse\plugins\org.eclipse.m2e.maven.runtime_3.9.900.20240824-1409\jars\jansi-2.4.1.jar
2024-11-25 17:35:07,279 [Worker-2: Executing clean in C__hsakuchi_workspace_motocatalog の起動] INFO  o.eclipse.m2e.core.internal.Bundles - 	Entry: C:\pleiades\2024-09\eclipse\plugins\org.eclipse.m2e.maven.runtime_3.9.900.20240824-1409\jars\jcl-over-slf4j-1.7.36.jar
2024-11-25 17:35:07,280 [Worker-2: Executing clean in C__hsakuchi_workspace_motocatalog の起動] INFO  o.eclipse.m2e.core.internal.Bundles - 	Entry: C:\pleiades\2024-09\eclipse\plugins\org.eclipse.m2e.maven.runtime_3.9.900.20240824-1409\jars\maven-artifact-3.9.9.jar
2024-11-25 17:35:07,280 [Worker-2: Executing clean in C__hsakuchi_workspace_motocatalog の起動] INFO  o.eclipse.m2e.core.internal.Bundles - 	Entry: C:\pleiades\2024-09\eclipse\plugins\org.eclipse.m2e.maven.runtime_3.9.900.20240824-1409\jars\maven-builder-support-3.9.9.jar
2024-11-25 17:35:07,280 [Worker-2: Executing clean in C__hsakuchi_workspace_motocatalog の起動] INFO  o.eclipse.m2e.core.internal.Bundles - 	Entry: C:\pleiades\2024-09\eclipse\plugins\org.eclipse.m2e.maven.runtime_3.9.900.20240824-1409\jars\maven-compat-3.9.9.jar
2024-11-25 17:35:07,280 [Worker-2: Executing clean in C__hsakuchi_workspace_motocatalog の起動] INFO  o.eclipse.m2e.core.internal.Bundles - 	Entry: C:\pleiades\2024-09\eclipse\plugins\org.eclipse.m2e.maven.runtime_3.9.900.20240824-1409\jars\maven-core-3.9.9.jar
2024-11-25 17:35:07,280 [Worker-2: Executing clean in C__hsakuchi_workspace_motocatalog の起動] INFO  o.eclipse.m2e.core.internal.Bundles - 	Entry: C:\pleiades\2024-09\eclipse\plugins\org.eclipse.m2e.maven.runtime_3.9.900.20240824-1409\jars\maven-embedder-3.9.9.jar
2024-11-25 17:35:07,280 [Worker-2: Executing clean in C__hsakuchi_workspace_motocatalog の起動] INFO  o.eclipse.m2e.core.internal.Bundles - 	Entry: C:\pleiades\2024-09\eclipse\plugins\org.eclipse.m2e.maven.runtime_3.9.900.20240824-1409\jars\maven-model-3.9.9.jar
2024-11-25 17:35:07,280 [Worker-2: Executing clean in C__hsakuchi_workspace_motocatalog の起動] INFO  o.eclipse.m2e.core.internal.Bundles - 	Entry: C:\pleiades\2024-09\eclipse\plugins\org.eclipse.m2e.maven.runtime_3.9.900.20240824-1409\jars\maven-model-builder-3.9.9.jar
2024-11-25 17:35:07,281 [Worker-2: Executing clean in C__hsakuchi_workspace_motocatalog の起動] INFO  o.eclipse.m2e.core.internal.Bundles - 	Entry: C:\pleiades\2024-09\eclipse\plugins\org.eclipse.m2e.maven.runtime_3.9.900.20240824-1409\jars\maven-plugin-api-3.9.9.jar
2024-11-25 17:35:07,281 [Worker-2: Executing clean in C__hsakuchi_workspace_motocatalog の起動] INFO  o.eclipse.m2e.core.internal.Bundles - 	Entry: C:\pleiades\2024-09\eclipse\plugins\org.eclipse.m2e.maven.runtime_3.9.900.20240824-1409\jars\maven-repository-metadata-3.9.9.jar
2024-11-25 17:35:07,281 [Worker-2: Executing clean in C__hsakuchi_workspace_motocatalog の起動] INFO  o.eclipse.m2e.core.internal.Bundles - 	Entry: C:\pleiades\2024-09\eclipse\plugins\org.eclipse.m2e.maven.runtime_3.9.900.20240824-1409\jars\maven-resolver-api-1.9.22.jar
2024-11-25 17:35:07,281 [Worker-2: Executing clean in C__hsakuchi_workspace_motocatalog の起動] INFO  o.eclipse.m2e.core.internal.Bundles - 	Entry: C:\pleiades\2024-09\eclipse\plugins\org.eclipse.m2e.maven.runtime_3.9.900.20240824-1409\jars\maven-resolver-connector-basic-1.9.22.jar
2024-11-25 17:35:07,281 [Worker-2: Executing clean in C__hsakuchi_workspace_motocatalog の起動] INFO  o.eclipse.m2e.core.internal.Bundles - 	Entry: C:\pleiades\2024-09\eclipse\plugins\org.eclipse.m2e.maven.runtime_3.9.900.20240824-1409\jars\maven-resolver-impl-1.9.22.jar
2024-11-25 17:35:07,281 [Worker-2: Executing clean in C__hsakuchi_workspace_motocatalog の起動] INFO  o.eclipse.m2e.core.internal.Bundles - 	Entry: C:\pleiades\2024-09\eclipse\plugins\org.eclipse.m2e.maven.runtime_3.9.900.20240824-1409\jars\maven-resolver-named-locks-1.9.22.jar
2024-11-25 17:35:07,281 [Worker-2: Executing clean in C__hsakuchi_workspace_motocatalog の起動] INFO  o.eclipse.m2e.core.internal.Bundles - 	Entry: C:\pleiades\2024-09\eclipse\plugins\org.eclipse.m2e.maven.runtime_3.9.900.20240824-1409\jars\maven-resolver-provider-3.9.9.jar
2024-11-25 17:35:07,281 [Worker-2: Executing clean in C__hsakuchi_workspace_motocatalog の起動] INFO  o.eclipse.m2e.core.internal.Bundles - 	Entry: C:\pleiades\2024-09\eclipse\plugins\org.eclipse.m2e.maven.runtime_3.9.900.20240824-1409\jars\maven-resolver-spi-1.9.22.jar
2024-11-25 17:35:07,282 [Worker-2: Executing clean in C__hsakuchi_workspace_motocatalog の起動] INFO  o.eclipse.m2e.core.internal.Bundles - 	Entry: C:\pleiades\2024-09\eclipse\plugins\org.eclipse.m2e.maven.runtime_3.9.900.20240824-1409\jars\maven-resolver-transport-file-1.9.22.jar
2024-11-25 17:35:07,282 [Worker-2: Executing clean in C__hsakuchi_workspace_motocatalog の起動] INFO  o.eclipse.m2e.core.internal.Bundles - 	Entry: C:\pleiades\2024-09\eclipse\plugins\org.eclipse.m2e.maven.runtime_3.9.900.20240824-1409\jars\maven-resolver-transport-http-1.9.22.jar
2024-11-25 17:35:07,282 [Worker-2: Executing clean in C__hsakuchi_workspace_motocatalog の起動] INFO  o.eclipse.m2e.core.internal.Bundles - 	Entry: C:\pleiades\2024-09\eclipse\plugins\org.eclipse.m2e.maven.runtime_3.9.900.20240824-1409\jars\maven-resolver-transport-wagon-1.9.22.jar
2024-11-25 17:35:07,282 [Worker-2: Executing clean in C__hsakuchi_workspace_motocatalog の起動] INFO  o.eclipse.m2e.core.internal.Bundles - 	Entry: C:\pleiades\2024-09\eclipse\plugins\org.eclipse.m2e.maven.runtime_3.9.900.20240824-1409\jars\maven-resolver-util-1.9.22.jar
2024-11-25 17:35:07,282 [Worker-2: Executing clean in C__hsakuchi_workspace_motocatalog の起動] INFO  o.eclipse.m2e.core.internal.Bundles - 	Entry: C:\pleiades\2024-09\eclipse\plugins\org.eclipse.m2e.maven.runtime_3.9.900.20240824-1409\jars\maven-settings-3.9.9.jar
2024-11-25 17:35:07,282 [Worker-2: Executing clean in C__hsakuchi_workspace_motocatalog の起動] INFO  o.eclipse.m2e.core.internal.Bundles - 	Entry: C:\pleiades\2024-09\eclipse\plugins\org.eclipse.m2e.maven.runtime_3.9.900.20240824-1409\jars\maven-settings-builder-3.9.9.jar
2024-11-25 17:35:07,282 [Worker-2: Executing clean in C__hsakuchi_workspace_motocatalog の起動] INFO  o.eclipse.m2e.core.internal.Bundles - 	Entry: C:\pleiades\2024-09\eclipse\plugins\org.eclipse.m2e.maven.runtime_3.9.900.20240824-1409\jars\maven-shared-utils-3.4.2.jar
2024-11-25 17:35:07,282 [Worker-2: Executing clean in C__hsakuchi_workspace_motocatalog の起動] INFO  o.eclipse.m2e.core.internal.Bundles - 	Entry: C:\pleiades\2024-09\eclipse\plugins\org.eclipse.m2e.maven.runtime_3.9.900.20240824-1409\jars\org.eclipse.sisu.inject-0.9.0.M3.jar
2024-11-25 17:35:07,283 [Worker-2: Executing clean in C__hsakuchi_workspace_motocatalog の起動] INFO  o.eclipse.m2e.core.internal.Bundles - 	Entry: C:\pleiades\2024-09\eclipse\plugins\org.eclipse.m2e.maven.runtime_3.9.900.20240824-1409\jars\org.eclipse.sisu.plexus-0.9.0.M3.jar
2024-11-25 17:35:07,283 [Worker-2: Executing clean in C__hsakuchi_workspace_motocatalog の起動] INFO  o.eclipse.m2e.core.internal.Bundles - 	Entry: C:\pleiades\2024-09\eclipse\plugins\org.eclipse.m2e.maven.runtime_3.9.900.20240824-1409\jars\plexus-build-api-0.0.7.jar
2024-11-25 17:35:07,283 [Worker-2: Executing clean in C__hsakuchi_workspace_motocatalog の起動] INFO  o.eclipse.m2e.core.internal.Bundles - 	Entry: C:\pleiades\2024-09\eclipse\plugins\org.eclipse.m2e.maven.runtime_3.9.900.20240824-1409\jars\plexus-build-api-1.2.0.jar
2024-11-25 17:35:07,283 [Worker-2: Executing clean in C__hsakuchi_workspace_motocatalog の起動] INFO  o.eclipse.m2e.core.internal.Bundles - 	Entry: C:\pleiades\2024-09\eclipse\plugins\org.eclipse.m2e.maven.runtime_3.9.900.20240824-1409\jars\plexus-cipher-2.0.jar
2024-11-25 17:35:07,283 [Worker-2: Executing clean in C__hsakuchi_workspace_motocatalog の起動] INFO  o.eclipse.m2e.core.internal.Bundles - 	Entry: C:\pleiades\2024-09\eclipse\plugins\org.eclipse.m2e.maven.runtime_3.9.900.20240824-1409\jars\plexus-classworlds-2.8.0.jar
2024-11-25 17:35:07,283 [Worker-2: Executing clean in C__hsakuchi_workspace_motocatalog の起動] INFO  o.eclipse.m2e.core.internal.Bundles - 	Entry: C:\pleiades\2024-09\eclipse\plugins\org.eclipse.m2e.maven.runtime_3.9.900.20240824-1409\jars\plexus-component-annotations-2.1.0.jar
2024-11-25 17:35:07,283 [Worker-2: Executing clean in C__hsakuchi_workspace_motocatalog の起動] INFO  o.eclipse.m2e.core.internal.Bundles - 	Entry: C:\pleiades\2024-09\eclipse\plugins\org.eclipse.m2e.maven.runtime_3.9.900.20240824-1409\jars\plexus-interpolation-1.27.jar
2024-11-25 17:35:07,283 [Worker-2: Executing clean in C__hsakuchi_workspace_motocatalog の起動] INFO  o.eclipse.m2e.core.internal.Bundles - 	Entry: C:\pleiades\2024-09\eclipse\plugins\org.eclipse.m2e.maven.runtime_3.9.900.20240824-1409\jars\plexus-sec-dispatcher-2.0.jar
2024-11-25 17:35:07,283 [Worker-2: Executing clean in C__hsakuchi_workspace_motocatalog の起動] INFO  o.eclipse.m2e.core.internal.Bundles - 	Entry: C:\pleiades\2024-09\eclipse\plugins\org.eclipse.m2e.maven.runtime_3.9.900.20240824-1409\jars\plexus-utils-3.5.1.jar
2024-11-25 17:35:07,283 [Worker-2: Executing clean in C__hsakuchi_workspace_motocatalog の起動] INFO  o.eclipse.m2e.core.internal.Bundles - 	Entry: C:\pleiades\2024-09\eclipse\plugins\org.eclipse.m2e.maven.runtime_3.9.900.20240824-1409\jars\plexus-xml-3.0.1.jar
2024-11-25 17:35:07,284 [Worker-2: Executing clean in C__hsakuchi_workspace_motocatalog の起動] INFO  o.eclipse.m2e.core.internal.Bundles - 	Entry: C:\pleiades\2024-09\eclipse\plugins\org.eclipse.m2e.maven.runtime_3.9.900.20240824-1409\jars\wagon-file-3.5.3.jar
2024-11-25 17:35:07,284 [Worker-2: Executing clean in C__hsakuchi_workspace_motocatalog の起動] INFO  o.eclipse.m2e.core.internal.Bundles - 	Entry: C:\pleiades\2024-09\eclipse\plugins\org.eclipse.m2e.maven.runtime_3.9.900.20240824-1409\jars\wagon-http-3.5.3.jar
2024-11-25 17:35:07,284 [Worker-2: Executing clean in C__hsakuchi_workspace_motocatalog の起動] INFO  o.eclipse.m2e.core.internal.Bundles - 	Entry: C:\pleiades\2024-09\eclipse\plugins\org.eclipse.m2e.maven.runtime_3.9.900.20240824-1409\jars\wagon-http-shared-3.5.3.jar
2024-11-25 17:35:07,284 [Worker-2: Executing clean in C__hsakuchi_workspace_motocatalog の起動] INFO  o.eclipse.m2e.core.internal.Bundles - 	Entry: C:\pleiades\2024-09\eclipse\plugins\org.eclipse.m2e.maven.runtime_3.9.900.20240824-1409\jars\wagon-provider-api-3.5.3.jar
2024-11-25 17:35:07,285 [Worker-2: Executing clean in C__hsakuchi_workspace_motocatalog の起動] INFO  o.eclipse.m2e.core.internal.Bundles - getClasspathEntries(Bundle=com.google.guava_33.3.0.jre [10])
2024-11-25 17:35:07,285 [Worker-2: Executing clean in C__hsakuchi_workspace_motocatalog の起動] INFO  o.eclipse.m2e.core.internal.Bundles - 	Entry: C:\pleiades\2024-09\eclipse\plugins\com.google.guava_33.3.0.jre.jar
2024-11-25 17:35:07,285 [Worker-2: Executing clean in C__hsakuchi_workspace_motocatalog の起動] INFO  o.eclipse.m2e.core.internal.Bundles - getClasspathEntries(Bundle=slf4j.api_2.0.16 [485])
2024-11-25 17:35:07,286 [Worker-2: Executing clean in C__hsakuchi_workspace_motocatalog の起動] INFO  o.eclipse.m2e.core.internal.Bundles - 	Entry: C:\pleiades\2024-09\eclipse\plugins\slf4j.api_2.0.16.jar
2024-11-25 17:35:07,286 [Worker-2: Executing clean in C__hsakuchi_workspace_motocatalog の起動] INFO  o.eclipse.m2e.core.internal.Bundles - getClasspathEntries(Bundle=javax.inject_1.0.0.v20220405-0441 [516])
2024-11-25 17:35:07,286 [Worker-2: Executing clean in C__hsakuchi_workspace_motocatalog の起動] INFO  o.eclipse.m2e.core.internal.Bundles - 	Entry: C:\pleiades\2024-09\eclipse\dropins\CheckStyle\eclipse\plugins\javax.inject_1.0.0.v20220405-0441.jar
2024-11-25 17:35:07,286 [Worker-2: Executing clean in C__hsakuchi_workspace_motocatalog の起動] INFO  o.eclipse.m2e.core.internal.Bundles - getClasspathEntries(Bundle=javax.annotation_1.3.5.v20200909-1856 [515])
2024-11-25 17:35:07,286 [Worker-2: Executing clean in C__hsakuchi_workspace_motocatalog の起動] INFO  o.eclipse.m2e.core.internal.Bundles - 	Entry: C:\pleiades\2024-09\eclipse\dropins\CheckStyle\eclipse\plugins\javax.annotation_1.3.5.v20200909-1856.jar
2024-11-25 17:35:07,286 [Worker-2: Executing clean in C__hsakuchi_workspace_motocatalog の起動] INFO  o.eclipse.m2e.core.internal.Bundles - getClasspathEntries(Bundle=org.apache.commons.cli_1.9.0 [47])
2024-11-25 17:35:07,286 [Worker-2: Executing clean in C__hsakuchi_workspace_motocatalog の起動] INFO  o.eclipse.m2e.core.internal.Bundles - 	Entry: C:\pleiades\2024-09\eclipse\plugins\org.apache.commons.cli_1.9.0.jar
2024-11-25 17:35:07,286 [Worker-2: Executing clean in C__hsakuchi_workspace_motocatalog の起動] INFO  o.eclipse.m2e.core.internal.Bundles - getClasspathEntries(Bundle=org.apache.commons.commons-codec_1.16.0 [50])
2024-11-25 17:35:07,287 [Worker-2: Executing clean in C__hsakuchi_workspace_motocatalog の起動] INFO  o.eclipse.m2e.core.internal.Bundles - 	Entry: C:\pleiades\2024-09\eclipse\plugins\org.apache.commons.commons-codec_1.16.0.jar
2024-11-25 17:35:07,287 [Worker-2: Executing clean in C__hsakuchi_workspace_motocatalog の起動] INFO  o.eclipse.m2e.core.internal.Bundles - getClasspathEntries(Bundle=com.google.guava.failureaccess_1.0.2 [11])
2024-11-25 17:35:07,287 [Worker-2: Executing clean in C__hsakuchi_workspace_motocatalog の起動] INFO  o.eclipse.m2e.core.internal.Bundles - 	Entry: C:\pleiades\2024-09\eclipse\plugins\com.google.guava.failureaccess_1.0.2.jar
2024-11-25 17:35:07,292 [Worker-2: Executing clean in C__hsakuchi_workspace_motocatalog の起動] INFO  o.e.m.i.launch.MavenLaunchDelegate - Run build in "C:\hsakuchi\workspace\motocatalog":
2024-11-25 17:35:07,296 [Worker-2: Executing clean in C__hsakuchi_workspace_motocatalog の起動] INFO  o.e.m.i.launch.MavenLaunchDelegate -  mvn  -Ppom.xml -B -Dstyle.color=always clean
2024-11-25 17:35:07,296 [Worker-2: Executing clean in C__hsakuchi_workspace_motocatalog の起動] WARN  o.e.m.i.l.MavenLaunchExtensionsSupport - Unknown or unsupported source locator org.eclipse.jdt.internal.launching.sourcelookup.advanced.AdvancedSourceLookupDirector
2024-11-25 17:35:10,459 [Worker-9: ビルド] INFO  o.a.m.s.f.DefaultMavenResourcesFiltering - Copying 1 resource from src\main\resources to target\classes
2024-11-25 17:35:10,463 [Worker-9: ビルド] INFO  o.a.m.s.f.DefaultMavenResourcesFiltering - Copying 1 resource from src\main\resources to target\classes
2024-11-25 17:35:10,467 [Worker-9: ビルド] INFO  o.a.m.s.f.DefaultMavenResourcesFiltering - skip non existing resourceDirectory C:\hsakuchi\workspace\motocatalog\src\test\resources
2024-11-25 17:35:25,680 [Worker-0: Executing install in C__hsakuchi_workspace_motocatalog の起動] INFO  o.eclipse.m2e.core.internal.Bundles - getClasspathEntries(Bundle=org.eclipse.m2e.maven.runtime_3.9.900.20240824-1409 [297])
2024-11-25 17:35:25,680 [Worker-0: Executing install in C__hsakuchi_workspace_motocatalog の起動] INFO  o.eclipse.m2e.core.internal.Bundles - 	Entry: C:\pleiades\2024-09\eclipse\plugins\org.eclipse.m2e.maven.runtime_3.9.900.20240824-1409
2024-11-25 17:35:25,680 [Worker-0: Executing install in C__hsakuchi_workspace_motocatalog の起動] INFO  o.eclipse.m2e.core.internal.Bundles - 	Entry: C:\pleiades\2024-09\eclipse\plugins\org.eclipse.m2e.maven.runtime_3.9.900.20240824-1409\jars\aopalliance-1.0.jar
2024-11-25 17:35:25,680 [Worker-0: Executing install in C__hsakuchi_workspace_motocatalog の起動] INFO  o.eclipse.m2e.core.internal.Bundles - 	Entry: C:\pleiades\2024-09\eclipse\plugins\org.eclipse.m2e.maven.runtime_3.9.900.20240824-1409\jars\guice-5.1.0.jar
2024-11-25 17:35:25,680 [Worker-0: Executing install in C__hsakuchi_workspace_motocatalog の起動] INFO  o.eclipse.m2e.core.internal.Bundles - 	Entry: C:\pleiades\2024-09\eclipse\plugins\org.eclipse.m2e.maven.runtime_3.9.900.20240824-1409\jars\httpclient-4.5.14.jar
2024-11-25 17:35:25,680 [Worker-0: Executing install in C__hsakuchi_workspace_motocatalog の起動] INFO  o.eclipse.m2e.core.internal.Bundles - 	Entry: C:\pleiades\2024-09\eclipse\plugins\org.eclipse.m2e.maven.runtime_3.9.900.20240824-1409\jars\httpcore-4.4.16.jar
2024-11-25 17:35:25,681 [Worker-0: Executing install in C__hsakuchi_workspace_motocatalog の起動] INFO  o.eclipse.m2e.core.internal.Bundles - 	Entry: C:\pleiades\2024-09\eclipse\plugins\org.eclipse.m2e.maven.runtime_3.9.900.20240824-1409\jars\jansi-2.4.1.jar
2024-11-25 17:35:25,681 [Worker-0: Executing install in C__hsakuchi_workspace_motocatalog の起動] INFO  o.eclipse.m2e.core.internal.Bundles - 	Entry: C:\pleiades\2024-09\eclipse\plugins\org.eclipse.m2e.maven.runtime_3.9.900.20240824-1409\jars\jcl-over-slf4j-1.7.36.jar
2024-11-25 17:35:25,681 [Worker-0: Executing install in C__hsakuchi_workspace_motocatalog の起動] INFO  o.eclipse.m2e.core.internal.Bundles - 	Entry: C:\pleiades\2024-09\eclipse\plugins\org.eclipse.m2e.maven.runtime_3.9.900.20240824-1409\jars\maven-artifact-3.9.9.jar
2024-11-25 17:35:25,681 [Worker-0: Executing install in C__hsakuchi_workspace_motocatalog の起動] INFO  o.eclipse.m2e.core.internal.Bundles - 	Entry: C:\pleiades\2024-09\eclipse\plugins\org.eclipse.m2e.maven.runtime_3.9.900.20240824-1409\jars\maven-builder-support-3.9.9.jar
2024-11-25 17:35:25,681 [Worker-0: Executing install in C__hsakuchi_workspace_motocatalog の起動] INFO  o.eclipse.m2e.core.internal.Bundles - 	Entry: C:\pleiades\2024-09\eclipse\plugins\org.eclipse.m2e.maven.runtime_3.9.900.20240824-1409\jars\maven-compat-3.9.9.jar
2024-11-25 17:35:25,681 [Worker-0: Executing install in C__hsakuchi_workspace_motocatalog の起動] INFO  o.eclipse.m2e.core.internal.Bundles - 	Entry: C:\pleiades\2024-09\eclipse\plugins\org.eclipse.m2e.maven.runtime_3.9.900.20240824-1409\jars\maven-core-3.9.9.jar
2024-11-25 17:35:25,681 [Worker-0: Executing install in C__hsakuchi_workspace_motocatalog の起動] INFO  o.eclipse.m2e.core.internal.Bundles - 	Entry: C:\pleiades\2024-09\eclipse\plugins\org.eclipse.m2e.maven.runtime_3.9.900.20240824-1409\jars\maven-embedder-3.9.9.jar
2024-11-25 17:35:25,681 [Worker-0: Executing install in C__hsakuchi_workspace_motocatalog の起動] INFO  o.eclipse.m2e.core.internal.Bundles - 	Entry: C:\pleiades\2024-09\eclipse\plugins\org.eclipse.m2e.maven.runtime_3.9.900.20240824-1409\jars\maven-model-3.9.9.jar
2024-11-25 17:35:25,681 [Worker-0: Executing install in C__hsakuchi_workspace_motocatalog の起動] INFO  o.eclipse.m2e.core.internal.Bundles - 	Entry: C:\pleiades\2024-09\eclipse\plugins\org.eclipse.m2e.maven.runtime_3.9.900.20240824-1409\jars\maven-model-builder-3.9.9.jar
2024-11-25 17:35:25,681 [Worker-0: Executing install in C__hsakuchi_workspace_motocatalog の起動] INFO  o.eclipse.m2e.core.internal.Bundles - 	Entry: C:\pleiades\2024-09\eclipse\plugins\org.eclipse.m2e.maven.runtime_3.9.900.20240824-1409\jars\maven-plugin-api-3.9.9.jar
2024-11-25 17:35:25,682 [Worker-0: Executing install in C__hsakuchi_workspace_motocatalog の起動] INFO  o.eclipse.m2e.core.internal.Bundles - 	Entry: C:\pleiades\2024-09\eclipse\plugins\org.eclipse.m2e.maven.runtime_3.9.900.20240824-1409\jars\maven-repository-metadata-3.9.9.jar
2024-11-25 17:35:25,682 [Worker-0: Executing install in C__hsakuchi_workspace_motocatalog の起動] INFO  o.eclipse.m2e.core.internal.Bundles - 	Entry: C:\pleiades\2024-09\eclipse\plugins\org.eclipse.m2e.maven.runtime_3.9.900.20240824-1409\jars\maven-resolver-api-1.9.22.jar
2024-11-25 17:35:25,682 [Worker-0: Executing install in C__hsakuchi_workspace_motocatalog の起動] INFO  o.eclipse.m2e.core.internal.Bundles - 	Entry: C:\pleiades\2024-09\eclipse\plugins\org.eclipse.m2e.maven.runtime_3.9.900.20240824-1409\jars\maven-resolver-connector-basic-1.9.22.jar
2024-11-25 17:35:25,682 [Worker-0: Executing install in C__hsakuchi_workspace_motocatalog の起動] INFO  o.eclipse.m2e.core.internal.Bundles - 	Entry: C:\pleiades\2024-09\eclipse\plugins\org.eclipse.m2e.maven.runtime_3.9.900.20240824-1409\jars\maven-resolver-impl-1.9.22.jar
2024-11-25 17:35:25,682 [Worker-0: Executing install in C__hsakuchi_workspace_motocatalog の起動] INFO  o.eclipse.m2e.core.internal.Bundles - 	Entry: C:\pleiades\2024-09\eclipse\plugins\org.eclipse.m2e.maven.runtime_3.9.900.20240824-1409\jars\maven-resolver-named-locks-1.9.22.jar
2024-11-25 17:35:25,682 [Worker-0: Executing install in C__hsakuchi_workspace_motocatalog の起動] INFO  o.eclipse.m2e.core.internal.Bundles - 	Entry: C:\pleiades\2024-09\eclipse\plugins\org.eclipse.m2e.maven.runtime_3.9.900.20240824-1409\jars\maven-resolver-provider-3.9.9.jar
2024-11-25 17:35:25,682 [Worker-0: Executing install in C__hsakuchi_workspace_motocatalog の起動] INFO  o.eclipse.m2e.core.internal.Bundles - 	Entry: C:\pleiades\2024-09\eclipse\plugins\org.eclipse.m2e.maven.runtime_3.9.900.20240824-1409\jars\maven-resolver-spi-1.9.22.jar
2024-11-25 17:35:25,682 [Worker-0: Executing install in C__hsakuchi_workspace_motocatalog の起動] INFO  o.eclipse.m2e.core.internal.Bundles - 	Entry: C:\pleiades\2024-09\eclipse\plugins\org.eclipse.m2e.maven.runtime_3.9.900.20240824-1409\jars\maven-resolver-transport-file-1.9.22.jar
2024-11-25 17:35:25,682 [Worker-0: Executing install in C__hsakuchi_workspace_motocatalog の起動] INFO  o.eclipse.m2e.core.internal.Bundles - 	Entry: C:\pleiades\2024-09\eclipse\plugins\org.eclipse.m2e.maven.runtime_3.9.900.20240824-1409\jars\maven-resolver-transport-http-1.9.22.jar
2024-11-25 17:35:25,682 [Worker-0: Executing install in C__hsakuchi_workspace_motocatalog の起動] INFO  o.eclipse.m2e.core.internal.Bundles - 	Entry: C:\pleiades\2024-09\eclipse\plugins\org.eclipse.m2e.maven.runtime_3.9.900.20240824-1409\jars\maven-resolver-transport-wagon-1.9.22.jar
2024-11-25 17:35:25,683 [Worker-0: Executing install in C__hsakuchi_workspace_motocatalog の起動] INFO  o.eclipse.m2e.core.internal.Bundles - 	Entry: C:\pleiades\2024-09\eclipse\plugins\org.eclipse.m2e.maven.runtime_3.9.900.20240824-1409\jars\maven-resolver-util-1.9.22.jar
2024-11-25 17:35:25,683 [Worker-0: Executing install in C__hsakuchi_workspace_motocatalog の起動] INFO  o.eclipse.m2e.core.internal.Bundles - 	Entry: C:\pleiades\2024-09\eclipse\plugins\org.eclipse.m2e.maven.runtime_3.9.900.20240824-1409\jars\maven-settings-3.9.9.jar
2024-11-25 17:35:25,683 [Worker-0: Executing install in C__hsakuchi_workspace_motocatalog の起動] INFO  o.eclipse.m2e.core.internal.Bundles - 	Entry: C:\pleiades\2024-09\eclipse\plugins\org.eclipse.m2e.maven.runtime_3.9.900.20240824-1409\jars\maven-settings-builder-3.9.9.jar
2024-11-25 17:35:25,683 [Worker-0: Executing install in C__hsakuchi_workspace_motocatalog の起動] INFO  o.eclipse.m2e.core.internal.Bundles - 	Entry: C:\pleiades\2024-09\eclipse\plugins\org.eclipse.m2e.maven.runtime_3.9.900.20240824-1409\jars\maven-shared-utils-3.4.2.jar
2024-11-25 17:35:25,683 [Worker-0: Executing install in C__hsakuchi_workspace_motocatalog の起動] INFO  o.eclipse.m2e.core.internal.Bundles - 	Entry: C:\pleiades\2024-09\eclipse\plugins\org.eclipse.m2e.maven.runtime_3.9.900.20240824-1409\jars\org.eclipse.sisu.inject-0.9.0.M3.jar
2024-11-25 17:35:25,683 [Worker-0: Executing install in C__hsakuchi_workspace_motocatalog の起動] INFO  o.eclipse.m2e.core.internal.Bundles - 	Entry: C:\pleiades\2024-09\eclipse\plugins\org.eclipse.m2e.maven.runtime_3.9.900.20240824-1409\jars\org.eclipse.sisu.plexus-0.9.0.M3.jar
2024-11-25 17:35:25,683 [Worker-0: Executing install in C__hsakuchi_workspace_motocatalog の起動] INFO  o.eclipse.m2e.core.internal.Bundles - 	Entry: C:\pleiades\2024-09\eclipse\plugins\org.eclipse.m2e.maven.runtime_3.9.900.20240824-1409\jars\plexus-build-api-0.0.7.jar
2024-11-25 17:35:25,683 [Worker-0: Executing install in C__hsakuchi_workspace_motocatalog の起動] INFO  o.eclipse.m2e.core.internal.Bundles - 	Entry: C:\pleiades\2024-09\eclipse\plugins\org.eclipse.m2e.maven.runtime_3.9.900.20240824-1409\jars\plexus-build-api-1.2.0.jar
2024-11-25 17:35:25,683 [Worker-0: Executing install in C__hsakuchi_workspace_motocatalog の起動] INFO  o.eclipse.m2e.core.internal.Bundles - 	Entry: C:\pleiades\2024-09\eclipse\plugins\org.eclipse.m2e.maven.runtime_3.9.900.20240824-1409\jars\plexus-cipher-2.0.jar
2024-11-25 17:35:25,683 [Worker-0: Executing install in C__hsakuchi_workspace_motocatalog の起動] INFO  o.eclipse.m2e.core.internal.Bundles - 	Entry: C:\pleiades\2024-09\eclipse\plugins\org.eclipse.m2e.maven.runtime_3.9.900.20240824-1409\jars\plexus-classworlds-2.8.0.jar
2024-11-25 17:35:25,684 [Worker-0: Executing install in C__hsakuchi_workspace_motocatalog の起動] INFO  o.eclipse.m2e.core.internal.Bundles - 	Entry: C:\pleiades\2024-09\eclipse\plugins\org.eclipse.m2e.maven.runtime_3.9.900.20240824-1409\jars\plexus-component-annotations-2.1.0.jar
2024-11-25 17:35:25,684 [Worker-0: Executing install in C__hsakuchi_workspace_motocatalog の起動] INFO  o.eclipse.m2e.core.internal.Bundles - 	Entry: C:\pleiades\2024-09\eclipse\plugins\org.eclipse.m2e.maven.runtime_3.9.900.20240824-1409\jars\plexus-interpolation-1.27.jar
2024-11-25 17:35:25,684 [Worker-0: Executing install in C__hsakuchi_workspace_motocatalog の起動] INFO  o.eclipse.m2e.core.internal.Bundles - 	Entry: C:\pleiades\2024-09\eclipse\plugins\org.eclipse.m2e.maven.runtime_3.9.900.20240824-1409\jars\plexus-sec-dispatcher-2.0.jar
2024-11-25 17:35:25,684 [Worker-0: Executing install in C__hsakuchi_workspace_motocatalog の起動] INFO  o.eclipse.m2e.core.internal.Bundles - 	Entry: C:\pleiades\2024-09\eclipse\plugins\org.eclipse.m2e.maven.runtime_3.9.900.20240824-1409\jars\plexus-utils-3.5.1.jar
2024-11-25 17:35:25,684 [Worker-0: Executing install in C__hsakuchi_workspace_motocatalog の起動] INFO  o.eclipse.m2e.core.internal.Bundles - 	Entry: C:\pleiades\2024-09\eclipse\plugins\org.eclipse.m2e.maven.runtime_3.9.900.20240824-1409\jars\plexus-xml-3.0.1.jar
2024-11-25 17:35:25,684 [Worker-0: Executing install in C__hsakuchi_workspace_motocatalog の起動] INFO  o.eclipse.m2e.core.internal.Bundles - 	Entry: C:\pleiades\2024-09\eclipse\plugins\org.eclipse.m2e.maven.runtime_3.9.900.20240824-1409\jars\wagon-file-3.5.3.jar
2024-11-25 17:35:25,684 [Worker-0: Executing install in C__hsakuchi_workspace_motocatalog の起動] INFO  o.eclipse.m2e.core.internal.Bundles - 	Entry: C:\pleiades\2024-09\eclipse\plugins\org.eclipse.m2e.maven.runtime_3.9.900.20240824-1409\jars\wagon-http-3.5.3.jar
2024-11-25 17:35:25,684 [Worker-0: Executing install in C__hsakuchi_workspace_motocatalog の起動] INFO  o.eclipse.m2e.core.internal.Bundles - 	Entry: C:\pleiades\2024-09\eclipse\plugins\org.eclipse.m2e.maven.runtime_3.9.900.20240824-1409\jars\wagon-http-shared-3.5.3.jar
2024-11-25 17:35:25,684 [Worker-0: Executing install in C__hsakuchi_workspace_motocatalog の起動] INFO  o.eclipse.m2e.core.internal.Bundles - 	Entry: C:\pleiades\2024-09\eclipse\plugins\org.eclipse.m2e.maven.runtime_3.9.900.20240824-1409\jars\wagon-provider-api-3.5.3.jar
2024-11-25 17:35:25,686 [Worker-0: Executing install in C__hsakuchi_workspace_motocatalog の起動] INFO  o.eclipse.m2e.core.internal.Bundles - getClasspathEntries(Bundle=com.google.guava_33.3.0.jre [10])
2024-11-25 17:35:25,686 [Worker-0: Executing install in C__hsakuchi_workspace_motocatalog の起動] INFO  o.eclipse.m2e.core.internal.Bundles - 	Entry: C:\pleiades\2024-09\eclipse\plugins\com.google.guava_33.3.0.jre.jar
2024-11-25 17:35:25,686 [Worker-0: Executing install in C__hsakuchi_workspace_motocatalog の起動] INFO  o.eclipse.m2e.core.internal.Bundles - getClasspathEntries(Bundle=slf4j.api_2.0.16 [485])
2024-11-25 17:35:25,686 [Worker-0: Executing install in C__hsakuchi_workspace_motocatalog の起動] INFO  o.eclipse.m2e.core.internal.Bundles - 	Entry: C:\pleiades\2024-09\eclipse\plugins\slf4j.api_2.0.16.jar
2024-11-25 17:35:25,686 [Worker-0: Executing install in C__hsakuchi_workspace_motocatalog の起動] INFO  o.eclipse.m2e.core.internal.Bundles - getClasspathEntries(Bundle=javax.inject_1.0.0.v20220405-0441 [516])
2024-11-25 17:35:25,686 [Worker-0: Executing install in C__hsakuchi_workspace_motocatalog の起動] INFO  o.eclipse.m2e.core.internal.Bundles - 	Entry: C:\pleiades\2024-09\eclipse\dropins\CheckStyle\eclipse\plugins\javax.inject_1.0.0.v20220405-0441.jar
2024-11-25 17:35:25,686 [Worker-0: Executing install in C__hsakuchi_workspace_motocatalog の起動] INFO  o.eclipse.m2e.core.internal.Bundles - getClasspathEntries(Bundle=javax.annotation_1.3.5.v20200909-1856 [515])
2024-11-25 17:35:25,687 [Worker-0: Executing install in C__hsakuchi_workspace_motocatalog の起動] INFO  o.eclipse.m2e.core.internal.Bundles - 	Entry: C:\pleiades\2024-09\eclipse\dropins\CheckStyle\eclipse\plugins\javax.annotation_1.3.5.v20200909-1856.jar
2024-11-25 17:35:25,687 [Worker-0: Executing install in C__hsakuchi_workspace_motocatalog の起動] INFO  o.eclipse.m2e.core.internal.Bundles - getClasspathEntries(Bundle=org.apache.commons.cli_1.9.0 [47])
2024-11-25 17:35:25,687 [Worker-0: Executing install in C__hsakuchi_workspace_motocatalog の起動] INFO  o.eclipse.m2e.core.internal.Bundles - 	Entry: C:\pleiades\2024-09\eclipse\plugins\org.apache.commons.cli_1.9.0.jar
2024-11-25 17:35:25,687 [Worker-0: Executing install in C__hsakuchi_workspace_motocatalog の起動] INFO  o.eclipse.m2e.core.internal.Bundles - getClasspathEntries(Bundle=org.apache.commons.commons-codec_1.16.0 [50])
2024-11-25 17:35:25,687 [Worker-0: Executing install in C__hsakuchi_workspace_motocatalog の起動] INFO  o.eclipse.m2e.core.internal.Bundles - 	Entry: C:\pleiades\2024-09\eclipse\plugins\org.apache.commons.commons-codec_1.16.0.jar
2024-11-25 17:35:25,687 [Worker-0: Executing install in C__hsakuchi_workspace_motocatalog の起動] INFO  o.eclipse.m2e.core.internal.Bundles - getClasspathEntries(Bundle=com.google.guava.failureaccess_1.0.2 [11])
2024-11-25 17:35:25,687 [Worker-0: Executing install in C__hsakuchi_workspace_motocatalog の起動] INFO  o.eclipse.m2e.core.internal.Bundles - 	Entry: C:\pleiades\2024-09\eclipse\plugins\com.google.guava.failureaccess_1.0.2.jar
2024-11-25 17:35:25,689 [Worker-0: Executing install in C__hsakuchi_workspace_motocatalog の起動] INFO  o.e.m.i.launch.MavenLaunchDelegate - Run build in "C:\hsakuchi\workspace\motocatalog":
2024-11-25 17:35:25,689 [Worker-0: Executing install in C__hsakuchi_workspace_motocatalog の起動] INFO  o.e.m.i.launch.MavenLaunchDelegate -  mvn  -Ppom.xml -B -Dstyle.color=always install
2024-11-25 17:38:44,255 [Worker-2: Loading available Gradle versions] INFO  o.e.b.c.i.u.g.PublishedGradleVersions - Gradle version information cache is up-to-date. Trying to read.
2024-11-25 17:52:59,478 [Worker-18: ビルド] INFO  o.a.m.s.f.DefaultMavenResourcesFiltering - Copying 1 resource from src\main\resources to target\classes
2024-11-25 17:52:59,489 [Worker-18: ビルド] INFO  o.a.m.s.f.DefaultMavenResourcesFiltering - Copying 1 resource from src\main\resources to target\classes
2024-11-25 17:52:59,493 [Worker-18: ビルド] INFO  o.a.m.s.f.DefaultMavenResourcesFiltering - Copying 0 resource from src\test\resources to target\test-classes
2024-11-25 17:54:27,209 [Worker-20: ビルド] INFO  o.a.m.s.f.DefaultMavenResourcesFiltering - Copying 1 resource from src\main\resources to target\classes
2024-11-25 17:54:27,213 [Worker-20: ビルド] INFO  o.a.m.s.f.DefaultMavenResourcesFiltering - Copying 1 resource from src\main\resources to target\classes
2024-11-25 17:54:27,216 [Worker-20: ビルド] INFO  o.a.m.s.f.DefaultMavenResourcesFiltering - Copying 0 resource from src\test\resources to target\test-classes
2024-11-25 18:01:37,260 [Worker-20: ビルド] INFO  o.a.m.s.f.DefaultMavenResourcesFiltering - Copying 1 resource from src\main\resources to target\classes
2024-11-25 18:01:37,260 [Worker-20: ビルド] INFO  o.a.m.s.f.DefaultMavenResourcesFiltering - Copying 1 resource from src\main\resources to target\classes
2024-11-25 18:01:37,260 [Worker-20: ビルド] INFO  o.a.m.s.f.DefaultMavenResourcesFiltering - Copying 0 resource from src\test\resources to target\test-classes
2024-11-25 18:04:12,285 [Worker-21: ビルド] INFO  o.a.m.s.f.DefaultMavenResourcesFiltering - Copying 1 resource from src\main\resources to target\classes
2024-11-25 18:04:12,290 [Worker-21: ビルド] INFO  o.a.m.s.f.DefaultMavenResourcesFiltering - Copying 1 resource from src\main\resources to target\classes
2024-11-25 18:04:12,294 [Worker-21: ビルド] INFO  o.a.m.s.f.DefaultMavenResourcesFiltering - Copying 0 resource from src\test\resources to target\test-classes
2024-11-25 18:05:41,450 [Worker-20: ビルド] INFO  o.a.m.s.f.DefaultMavenResourcesFiltering - Copying 1 resource from src\main\resources to target\classes
2024-11-25 18:05:41,454 [Worker-20: ビルド] INFO  o.a.m.s.f.DefaultMavenResourcesFiltering - Copying 1 resource from src\main\resources to target\classes
2024-11-25 18:05:41,457 [Worker-20: ビルド] INFO  o.a.m.s.f.DefaultMavenResourcesFiltering - Copying 0 resource from src\test\resources to target\test-classes
2024-11-25 18:10:04,780 [Worker-20: ビルド] INFO  o.a.m.s.f.DefaultMavenResourcesFiltering - Copying 1 resource from src\main\resources to target\classes
2024-11-25 18:10:04,784 [Worker-20: ビルド] INFO  o.a.m.s.f.DefaultMavenResourcesFiltering - Copying 1 resource from src\main\resources to target\classes
2024-11-25 18:10:04,787 [Worker-20: ビルド] INFO  o.a.m.s.f.DefaultMavenResourcesFiltering - Copying 0 resource from src\test\resources to target\test-classes
2024-11-25 18:13:32,935 [Worker-12: ビルド] INFO  o.a.m.s.f.DefaultMavenResourcesFiltering - Copying 0 resource from src\main\resources to target\classes
2024-11-25 18:13:32,936 [Worker-12: ビルド] INFO  o.a.m.s.f.DefaultMavenResourcesFiltering - Copying 0 resource from src\main\resources to target\classes
2024-11-25 18:13:32,937 [Worker-12: ビルド] INFO  o.a.m.s.f.DefaultMavenResourcesFiltering - Copying 0 resource from src\test\resources to target\test-classes
2024-11-25 18:16:14,643 [Worker-35: ビルド] INFO  o.e.m.c.i.l.LifecycleMappingFactory - Using org.eclipse.m2e.jdt.JarLifecycleMapping lifecycle mapping for MavenProject: com.practise.moto:motocatalog:0.0.1-SNAPSHOT @ C:\hsakuchi\workspace\motocatalog\pom.xml.
2024-11-25 18:16:15,211 [Worker-35: ビルド] INFO  o.a.m.s.f.DefaultMavenResourcesFiltering - Copying 0 resource from src\main\resources to target\classes
2024-11-25 18:16:15,212 [Worker-35: ビルド] INFO  o.a.m.s.f.DefaultMavenResourcesFiltering - Copying 0 resource from src\main\resources to target\classes
2024-11-25 18:16:15,217 [Worker-35: ビルド] INFO  o.a.m.s.f.DefaultMavenResourcesFiltering - Copying 0 resource from src\test\resources to target\test-classes
2024-11-25 18:16:16,616 [Worker-35: ビルド] INFO  o.a.m.s.f.DefaultMavenResourcesFiltering - Copying 1 resource from src\main\resources to target\classes
2024-11-25 18:16:16,628 [Worker-35: ビルド] INFO  o.a.m.s.f.DefaultMavenResourcesFiltering - Copying 1 resource from src\main\resources to target\classes
2024-11-25 18:16:16,631 [Worker-35: ビルド] INFO  o.a.m.s.f.DefaultMavenResourcesFiltering - Copying 0 resource from src\test\resources to target\test-classes
2024-11-25 18:27:09,303 [Worker-8: Loading available Gradle versions] INFO  o.e.b.c.i.u.g.PublishedGradleVersions - Gradle version information cache is up-to-date. Trying to read.
2024-11-25 18:33:16,515 [Worker-16: ビルド] INFO  o.a.m.s.f.DefaultMavenResourcesFiltering - Copying 1 resource from src\main\resources to target\classes
2024-11-25 18:33:16,528 [Worker-16: ビルド] INFO  o.a.m.s.f.DefaultMavenResourcesFiltering - Copying 1 resource from src\main\resources to target\classes
2024-11-25 18:33:16,533 [Worker-16: ビルド] INFO  o.a.m.s.f.DefaultMavenResourcesFiltering - Copying 0 resource from src\test\resources to target\test-classes
2024-11-25 18:42:00,503 [Worker-20: ビルド] INFO  o.a.m.s.f.DefaultMavenResourcesFiltering - Copying 1 resource from src\main\resources to target\classes
2024-11-25 18:42:00,507 [Worker-20: ビルド] INFO  o.a.m.s.f.DefaultMavenResourcesFiltering - Copying 1 resource from src\main\resources to target\classes
2024-11-25 18:42:00,511 [Worker-20: ビルド] INFO  o.a.m.s.f.DefaultMavenResourcesFiltering - Copying 0 resource from src\test\resources to target\test-classes
2024-11-25 18:45:18,200 [Worker-16: ビルド] INFO  o.a.m.s.f.DefaultMavenResourcesFiltering - Copying 1 resource from src\main\resources to target\classes
2024-11-25 18:45:18,207 [Worker-16: ビルド] INFO  o.a.m.s.f.DefaultMavenResourcesFiltering - Copying 1 resource from src\main\resources to target\classes
2024-11-25 18:45:18,210 [Worker-16: ビルド] INFO  o.a.m.s.f.DefaultMavenResourcesFiltering - Copying 0 resource from src\test\resources to target\test-classes
2024-11-25 18:46:32,205 [Worker-19: ビルド] INFO  o.a.m.s.f.DefaultMavenResourcesFiltering - Copying 1 resource from src\main\resources to target\classes
2024-11-25 18:46:32,210 [Worker-19: ビルド] INFO  o.a.m.s.f.DefaultMavenResourcesFiltering - Copying 1 resource from src\main\resources to target\classes
2024-11-25 18:46:32,213 [Worker-19: ビルド] INFO  o.a.m.s.f.DefaultMavenResourcesFiltering - Copying 0 resource from src\test\resources to target\test-classes
2024-11-25 21:02:53,178 [Worker-3: ビルド] INFO  o.e.m.c.i.l.LifecycleMappingFactory - Using org.eclipse.m2e.jdt.JarLifecycleMapping lifecycle mapping for MavenProject: com.practise.moto:motocatalog:0.0.1-SNAPSHOT @ C:\hsakuchi\workspace\motocatalog\pom.xml.
2024-11-25 21:02:53,984 [Worker-3: ビルド] INFO  o.a.m.s.f.DefaultMavenResourcesFiltering - Copying 0 resource from src\main\resources to target\classes
2024-11-25 21:02:53,985 [Worker-3: ビルド] INFO  o.a.m.s.f.DefaultMavenResourcesFiltering - Copying 0 resource from src\main\resources to target\classes
2024-11-25 21:02:53,998 [Worker-3: ビルド] INFO  o.a.m.s.f.DefaultMavenResourcesFiltering - Copying 0 resource from src\test\resources to target\test-classes
2024-11-25 21:02:55,243 [Worker-28: ビルド] INFO  o.a.m.s.f.DefaultMavenResourcesFiltering - Copying 1 resource from src\main\resources to target\classes
2024-11-25 21:02:55,257 [Worker-28: ビルド] INFO  o.a.m.s.f.DefaultMavenResourcesFiltering - Copying 1 resource from src\main\resources to target\classes
2024-11-25 21:02:55,261 [Worker-28: ビルド] INFO  o.a.m.s.f.DefaultMavenResourcesFiltering - Copying 0 resource from src\test\resources to target\test-classes
2024-11-25 22:28:15,796 [Worker-60: ビルド] INFO  o.a.m.s.f.DefaultMavenResourcesFiltering - Copying 1 resource from src\main\resources to target\classes
2024-11-25 22:28:15,802 [Worker-60: ビルド] INFO  o.a.m.s.f.DefaultMavenResourcesFiltering - Copying 1 resource from src\main\resources to target\classes
2024-11-25 22:28:15,804 [Worker-60: ビルド] INFO  o.a.m.s.f.DefaultMavenResourcesFiltering - Copying 0 resource from src\test\resources to target\test-classes
2024-11-25 22:58:06,732 [Worker-7: Loading available Gradle versions] INFO  o.e.b.c.i.u.g.PublishedGradleVersions - Gradle version information cache is up-to-date. Trying to read.
2024-11-26 08:04:06,319 [Worker-1: Loading available Gradle versions] INFO  o.e.b.c.i.u.g.PublishedGradleVersions - Gradle version information cache is up-to-date. Trying to read.
2024-11-26 09:05:27,709 [Worker-6: Loading available Gradle versions] INFO  o.e.b.c.i.u.g.PublishedGradleVersions - Gradle version information cache is up-to-date. Trying to read.
2024-11-26 09:28:31,400 [Worker-10: ビルド] INFO  o.a.m.s.f.DefaultMavenResourcesFiltering - Copying 1 resource from src\main\resources to target\classes
2024-11-26 09:28:31,411 [Worker-10: ビルド] INFO  o.a.m.s.f.DefaultMavenResourcesFiltering - Copying 1 resource from src\main\resources to target\classes
2024-11-26 09:28:31,415 [Worker-10: ビルド] INFO  o.a.m.s.f.DefaultMavenResourcesFiltering - Copying 0 resource from src\test\resources to target\test-classes
2024-11-26 14:38:32,747 [Worker-11: ビルド] INFO  o.a.m.s.f.DefaultMavenResourcesFiltering - Copying 1 resource from src\main\resources to target\classes
2024-11-26 14:38:32,755 [Worker-11: ビルド] INFO  o.a.m.s.f.DefaultMavenResourcesFiltering - Copying 1 resource from src\main\resources to target\classes
2024-11-26 14:38:32,758 [Worker-11: ビルド] INFO  o.a.m.s.f.DefaultMavenResourcesFiltering - Copying 0 resource from src\test\resources to target\test-classes
2024-11-26 14:41:30,141 [Worker-20: ビルド] INFO  o.a.m.s.f.DefaultMavenResourcesFiltering - Copying 1 resource from src\main\resources to target\classes
2024-11-26 14:41:30,146 [Worker-20: ビルド] INFO  o.a.m.s.f.DefaultMavenResourcesFiltering - Copying 2 resources from src\main\resources to target\classes
2024-11-26 14:41:30,151 [Worker-20: ビルド] INFO  o.a.m.s.f.DefaultMavenResourcesFiltering - Copying 0 resource from src\test\resources to target\test-classes
2024-11-26 14:41:48,058 [Worker-18: ビルド] INFO  o.a.m.s.f.DefaultMavenResourcesFiltering - Copying 1 resource from src\main\resources to target\classes
2024-11-26 14:41:48,063 [Worker-18: ビルド] INFO  o.a.m.s.f.DefaultMavenResourcesFiltering - Copying 2 resources from src\main\resources to target\classes
2024-11-26 14:41:48,068 [Worker-18: ビルド] INFO  o.a.m.s.f.DefaultMavenResourcesFiltering - Copying 0 resource from src\test\resources to target\test-classes
